#
# There is insufficient memory for the Java Runtime Environment to continue.
# Native memory allocation (mmap) failed to map 67108864 bytes for G1 virtual space
# Possible reasons:
#   The system is out of physical RAM or swap space
#   The process is running with CompressedOops enabled, and the Java Heap may be blocking the growth of the native heap
# Possible solutions:
#   Reduce memory load on the system
#   Increase physical memory or swap space
#   Check if swap backing store is full
#   Decrease Java heap size (-Xmx/-Xms)
#   Decrease number of Java threads
#   Decrease Java thread stack sizes (-Xss)
#   Set larger code cache with -XX:ReservedCodeCacheSize=
#   JVM is running with Unscaled Compressed Oops mode in which the Java heap is
#     placed in the first 4GB address space. The Java Heap base address is the
#     maximum limit for the native heap growth. Please use -XX:HeapBaseMinAddress
#     to set the Java Heap base and to place the Java Heap above 4GB virtual address.
# This output file may be truncated or incomplete.
#
#  Out of Memory Error (os_windows.cpp:3552), pid=16140, tid=11824
#
# JRE version:  (17.0.9+11) (build )
# Java VM: Java HotSpot(TM) 64-Bit Server VM (17.0.9+11-LTS-201, mixed mode, sharing, tiered, compressed oops, compressed class ptrs, g1 gc, windows-amd64)
# No core dump will be written. Minidumps are not enabled by default on client versions of Windows
#

---------------  S U M M A R Y ------------

Command Line: -ea -Dfile.encoding=UTF-8 -Dstdout.encoding=UTF-8 -Dstderr.encoding=UTF-8 -XX:+ShowCodeDetailsInExceptionMessages org.eclipse.jdt.internal.junit.runner.RemoteTestRunner -version 3 -port 64429 -testLoaderClass org.eclipse.jdt.internal.junit4.runner.JUnit4TestLoader -loaderpluginname org.eclipse.jdt.junit4.runtime -classNames com.omrbranch.runner.TestRunnerClass

Host: Intel(R) Core(TM) i3-2330M CPU @ 2.20GHz, 4 cores, 3G,  Windows 10 , 64 bit Build 19041 (10.0.19041.3636)
Time: Mon Mar 11 23:30:08 2024 India Standard Time elapsed time: 0.170263 seconds (0d 0h 0m 0s)

---------------  T H R E A D  ---------------

Current thread (0x000001b1adb468c0):  JavaThread "Unknown thread" [_thread_in_vm, id=11824, stack(0x0000004c47300000,0x0000004c47400000)]

Stack: [0x0000004c47300000,0x0000004c47400000]
Native frames: (J=compiled Java code, j=interpreted, Vv=VM code, C=native code)
V  [jvm.dll+0x678a4a]
V  [jvm.dll+0x7d9cfd]
V  [jvm.dll+0x7db60e]
V  [jvm.dll+0x7dbc73]
V  [jvm.dll+0x245e1f]
V  [jvm.dll+0x6758f9]
V  [jvm.dll+0x66a2a2]
V  [jvm.dll+0x303686]
V  [jvm.dll+0x30ac06]
V  [jvm.dll+0x35a48e]
V  [jvm.dll+0x35a6bf]
V  [jvm.dll+0x2da678]
V  [jvm.dll+0x2db5e4]
V  [jvm.dll+0x7ab6b1]
V  [jvm.dll+0x368041]
V  [jvm.dll+0x78a749]
V  [jvm.dll+0x3ebd4f]
V  [jvm.dll+0x3ed7d1]
C  [jli.dll+0x5297]
C  [ucrtbase.dll+0x21bb2]
C  [KERNEL32.DLL+0x17344]
C  [ntdll.dll+0x526b1]


---------------  P R O C E S S  ---------------

Threads class SMR info:
_java_thread_list=0x00007ffd9f9589d8, length=0, elements={
}

Java Threads: ( => current thread )

Other Threads:
  0x000001b1adb7eaf0 GCTaskThread "GC Thread#0" [stack: 0x0000004c47400000,0x0000004c47500000] [id=17500]
  0x000001b1adb887e0 ConcurrentGCThread "G1 Main Marker" [stack: 0x0000004c47500000,0x0000004c47600000] [id=29584]
  0x000001b1adb899e0 ConcurrentGCThread "G1 Conc#0" [stack: 0x0000004c47600000,0x0000004c47700000] [id=27048]

[error occurred during error reporting (printing all threads), id 0xc0000005, EXCEPTION_ACCESS_VIOLATION (0xc0000005) at pc=0x00007ffd9f18b2d7]

VM state: not at safepoint (not fully initialized)

VM Mutex/Monitor currently owned by a thread:  ([mutex/lock_event])
[0x000001b1adb43a30] Heap_lock - owner thread: 0x000001b1adb468c0

Heap address: 0x00000000c0c00000, size: 1012 MB, Compressed Oops mode: 32-bit

CDS archive(s) mapped at: [0x0000000000000000-0x0000000000000000-0x0000000000000000), size 0, SharedBaseAddress: 0x0000000800000000, ArchiveRelocationMode: 1.
Narrow klass base: 0x0000000000000000, Narrow klass shift: 0, Narrow klass range: 0x0

GC Precious Log:
<Empty>

Heap:
 garbage-first heap   total 0K, used 0K [0x00000000c0c00000, 0x0000000100000000)
  region size 1024K, 0 young (0K), 0 survivors (0K)

[error occurred during error reporting (printing heap information), id 0xc0000005, EXCEPTION_ACCESS_VIOLATION (0xc0000005) at pc=0x00007ffd9f572229]

GC Heap History (0 events):
No events

Deoptimization events (0 events):
No events

Classes unloaded (0 events):
No events

Classes redefined (0 events):
No events

Internal exceptions (0 events):
No events

VM Operations (0 events):
No events

Events (1 events):
Event: 0.114 Loaded shared library C:\Program Files\Java\jdk-17\bin\java.dll


Dynamic libraries:
0x00007ff71ca20000 - 0x00007ff71ca30000 	C:\Program Files\Java\jdk-17\bin\javaw.exe
0x00007ffdd8bb0000 - 0x00007ffdd8da8000 	C:\WINDOWS\SYSTEM32\ntdll.dll
0x00007ffdd6f10000 - 0x00007ffdd6fcd000 	C:\WINDOWS\System32\KERNEL32.DLL
0x00007ffdd68a0000 - 0x00007ffdd6b96000 	C:\WINDOWS\System32\KERNELBASE.dll
0x00007ffdd6620000 - 0x00007ffdd6720000 	C:\WINDOWS\System32\ucrtbase.dll
0x00007ffdce910000 - 0x00007ffdce92b000 	C:\Program Files\Java\jdk-17\bin\VCRUNTIME140.dll
0x00007ffdce930000 - 0x00007ffdce949000 	C:\Program Files\Java\jdk-17\bin\jli.dll
0x00007ffdd7fa0000 - 0x00007ffdd8053000 	C:\WINDOWS\System32\ADVAPI32.dll
0x00007ffdd7f00000 - 0x00007ffdd7f9e000 	C:\WINDOWS\System32\msvcrt.dll
0x00007ffdd81f0000 - 0x00007ffdd828f000 	C:\WINDOWS\System32\sechost.dll
0x00007ffdd7dd0000 - 0x00007ffdd7ef6000 	C:\WINDOWS\System32\RPCRT4.dll
0x00007ffdd62e0000 - 0x00007ffdd6307000 	C:\WINDOWS\System32\bcrypt.dll
0x00007ffdd82c0000 - 0x00007ffdd845e000 	C:\WINDOWS\System32\USER32.dll
0x00007ffdd6870000 - 0x00007ffdd6892000 	C:\WINDOWS\System32\win32u.dll
0x00007ffdd8290000 - 0x00007ffdd82bb000 	C:\WINDOWS\System32\GDI32.dll
0x00007ffdd6310000 - 0x00007ffdd6427000 	C:\WINDOWS\System32\gdi32full.dll
0x00007ffdd67d0000 - 0x00007ffdd686d000 	C:\WINDOWS\System32\msvcp_win.dll
0x00007ffdc7cd0000 - 0x00007ffdc7f6a000 	C:\WINDOWS\WinSxS\amd64_microsoft.windows.common-controls_6595b64144ccf1df_6.0.19041.3636_none_60b6a03d71f818d5\COMCTL32.dll
0x00007ffdc48c0000 - 0x00007ffdc48ca000 	C:\WINDOWS\SYSTEM32\VERSION.dll
0x00007ffdd6bf0000 - 0x00007ffdd6c22000 	C:\WINDOWS\System32\IMM32.DLL
0x00007ffdce900000 - 0x00007ffdce90c000 	C:\Program Files\Java\jdk-17\bin\vcruntime140_1.dll
0x00007ffdc6130000 - 0x00007ffdc61be000 	C:\Program Files\Java\jdk-17\bin\msvcp140.dll
0x00007ffd9eea0000 - 0x00007ffd9fa81000 	C:\Program Files\Java\jdk-17\bin\server\jvm.dll
0x00007ffdd8570000 - 0x00007ffdd8578000 	C:\WINDOWS\System32\PSAPI.DLL
0x00007ffdd1d10000 - 0x00007ffdd1d19000 	C:\WINDOWS\SYSTEM32\WSOCK32.dll
0x00007ffdc3c60000 - 0x00007ffdc3c87000 	C:\WINDOWS\SYSTEM32\WINMM.dll
0x00007ffdd8580000 - 0x00007ffdd85eb000 	C:\WINDOWS\System32\WS2_32.dll
0x00007ffdd4120000 - 0x00007ffdd4132000 	C:\WINDOWS\SYSTEM32\kernel.appcore.dll
0x00007ffdce8e0000 - 0x00007ffdce8ea000 	C:\Program Files\Java\jdk-17\bin\jimage.dll
0x00007ffdc08e0000 - 0x00007ffdc0ac4000 	C:\WINDOWS\SYSTEM32\DBGHELP.DLL
0x00007ffdc08a0000 - 0x00007ffdc08d4000 	C:\WINDOWS\SYSTEM32\dbgcore.DLL
0x00007ffdd6430000 - 0x00007ffdd64b2000 	C:\WINDOWS\System32\bcryptPrimitives.dll
0x00007ffdce700000 - 0x00007ffdce725000 	C:\Program Files\Java\jdk-17\bin\java.dll

dbghelp: loaded successfully - version: 4.0.5 - missing functions: none
symbol engine: initialized successfully - sym options: 0x614 - pdb path: .;C:\Program Files\Java\jdk-17\bin;C:\WINDOWS\SYSTEM32;C:\WINDOWS\WinSxS\amd64_microsoft.windows.common-controls_6595b64144ccf1df_6.0.19041.3636_none_60b6a03d71f818d5;C:\Program Files\Java\jdk-17\bin\server

VM Arguments:
jvm_args: -ea -Dfile.encoding=UTF-8 -Dstdout.encoding=UTF-8 -Dstderr.encoding=UTF-8 -XX:+ShowCodeDetailsInExceptionMessages 
java_command: org.eclipse.jdt.internal.junit.runner.RemoteTestRunner -version 3 -port 64429 -testLoaderClass org.eclipse.jdt.internal.junit4.runner.JUnit4TestLoader -loaderpluginname org.eclipse.jdt.junit4.runtime -classNames com.omrbranch.runner.TestRunnerClass
java_class_path (initial): C:\Users\USER\eclipse-workspace\Day - 13\OMRBranchHotelBookingAutomation\target\test-classes;C:\Users\USER\eclipse-workspace\Day - 13\OMRBranchHotelBookingAutomation\target\classes;C:\Users\USER\.m2\repository\io\cucumber\cucumber-java\7.15.0\cucumber-java-7.15.0.jar;C:\Users\USER\.m2\repository\io\cucumber\cucumber-core\7.15.0\cucumber-core-7.15.0.jar;C:\Users\USER\.m2\repository\io\cucumber\cucumber-gherkin\7.15.0\cucumber-gherkin-7.15.0.jar;C:\Users\USER\.m2\repository\io\cucumber\cucumber-gherkin-messages\7.15.0\cucumber-gherkin-messages-7.15.0.jar;C:\Users\USER\.m2\repository\io\cucumber\gherkin\26.2.0\gherkin-26.2.0.jar;C:\Users\USER\.m2\repository\io\cucumber\messages\22.0.0\messages-22.0.0.jar;C:\Users\USER\.m2\repository\io\cucumber\tag-expressions\6.0.0\tag-expressions-6.0.0.jar;C:\Users\USER\.m2\repository\io\cucumber\cucumber-expressions\17.0.1\cucumber-expressions-17.0.1.jar;C:\Users\USER\.m2\repository\io\cucumber\datatable\7.15.0\datatable-7.15.0.jar;C:\Users\USER\.m2\repository\io\cucumber\cucumber-plugin\7.15.0\cucumber-plugin-7.15.0.jar;C:\Users\USER\.m2\repository\io\cucumber\docstring\7.15.0\docstring-7.15.0.jar;C:\Users\USER\.m2\repository\io\cucumber\html-formatter\20.4.0\html-formatter-20.4.0.jar;C:\Users\USER\.m2\repository\io\cucumber\junit-xml-formatter\0.2.0\junit-xml-formatter-0.2.0.jar;C:\Users\USER\.m2\repository\io\cucumber\ci-environment\10.0.0\ci-environment-10.0.0.jar;C:\Users\USER\.m2\repository\org\apiguardian\apiguardian-api\1.1.2\apiguardian-api-1.1.2.jar;C:\Users\USER\.m2\repository\io\cucumber\cucumber-junit\7.15.0\cucumber-junit-7.15.0.jar;C:\Users\USER\.m2\repository\org\seleniumhq\selenium\selenium-java\4.16.1\selenium-java-4.16.1.jar;C:\Users\USER\.m2\repository\org\seleniumhq\selenium\selenium-api\4.16.1\selenium-api-4.16.1.jar;C:\Users\USER\.m2\repository\org\seleniumhq\selenium\selenium-chrome-driver\4.16.1\selenium-chrome-driver-4.16.1.jar;C:\Users\USER\.m2\repository\com\google\auto\servic
Launcher Type: SUN_STANDARD

[Global flags]
     intx CICompilerCount                          = 3                                         {product} {ergonomic}
     uint ConcGCThreads                            = 1                                         {product} {ergonomic}
     uint G1ConcRefinementThreads                  = 4                                         {product} {ergonomic}
   size_t G1HeapRegionSize                         = 1048576                                   {product} {ergonomic}
    uintx GCDrainStackTargetSize                   = 64                                        {product} {ergonomic}
   size_t InitialHeapSize                          = 67108864                                  {product} {ergonomic}
   size_t MarkStackSize                            = 4194304                                   {product} {ergonomic}
   size_t MaxHeapSize                              = 1061158912                                {product} {ergonomic}
   size_t MinHeapDeltaBytes                        = 1048576                                   {product} {ergonomic}
   size_t MinHeapSize                              = 8388608                                   {product} {ergonomic}
    uintx NonNMethodCodeHeapSize                   = 5832780                                {pd product} {ergonomic}
    uintx NonProfiledCodeHeapSize                  = 122912730                              {pd product} {ergonomic}
    uintx ProfiledCodeHeapSize                     = 122912730                              {pd product} {ergonomic}
    uintx ReservedCodeCacheSize                    = 251658240                              {pd product} {ergonomic}
     bool SegmentedCodeCache                       = true                                      {product} {ergonomic}
     bool ShowCodeDetailsInExceptionMessages       = true                                   {manageable} {command line}
   size_t SoftMaxHeapSize                          = 1061158912                             {manageable} {ergonomic}
     bool UseCompressedClassPointers               = true                           {product lp64_product} {ergonomic}
     bool UseCompressedOops                        = true                           {product lp64_product} {ergonomic}
     bool UseG1GC                                  = true                                      {product} {ergonomic}
     bool UseLargePagesIndividualAllocation        = false                                  {pd product} {ergonomic}

Logging:
Log output configuration:
 #0: stdout all=warning uptime,level,tags
 #1: stderr all=off uptime,level,tags

Environment Variables:
JAVA_HOME=C:\Program Files\Java\jdk-17
PATH=C:/Users/USER/AppData/Local/Temp/Rar$EXa16076.32492/eclipse//plugins/org.eclipse.justj.openjdk.hotspot.jre.full.win32.x86_64_17.0.9.v20231028-0858/jre/bin/server;C:/Users/USER/AppData/Local/Temp/Rar$EXa16076.32492/eclipse//plugins/org.eclipse.justj.openjdk.hotspot.jre.full.win32.x86_64_17.0.9.v20231028-0858/jre/bin;C:\Program Files\WinRAR;C:\Program Files\Common Files\Oracle\Java\javapath;C:\WINDOWS\system32;C:\WINDOWS;C:\WINDOWS\System32\Wbem;C:\WINDOWS\System32\WindowsPowerShell\v1.0\;C:\WINDOWS\System32\OpenSSH\;C:\Program Files\PuTTY\;C:\Program Files\Microsoft VS Code\bin;C:\Program Files\Git\cmd;C:\Program Files\apache-maven-3.9.6\bin;C:\Program Files\Java\jdk-17\bin;C:\Users\USER\AppData\Local\Microsoft\WindowsApps;;C:\Users\USER\AppData\Local\Temp\Rar$EXa16076.32492\eclipse;
USERNAME=USER
OS=Windows_NT
PROCESSOR_IDENTIFIER=Intel64 Family 6 Model 42 Stepping 7, GenuineIntel



---------------  S Y S T E M  ---------------

OS:
 Windows 10 , 64 bit Build 19041 (10.0.19041.3636)
OS uptime: 11 days 4:55 hours

CPU: total 4 (initial active 4) (2 cores per cpu, 2 threads per core) family 6 model 42 stepping 7 microcode 0x2f, cx8, cmov, fxsr, ht, mmx, sse, sse2, sse3, ssse3, sse4.1, sse4.2, popcnt, tsc, tscinvbit, avx, clmul, vzeroupper, clflush

Memory: 4k page, system-wide physical 4043M (333M free)
TotalPageFile size 16331M (AvailPageFile size 54M)
current process WorkingSet (physical memory assigned to process): 9M, peak: 9M
current process commit charge ("private bytes"): 51M, peak: 115M

vm_info: Java HotSpot(TM) 64-Bit Server VM (17.0.9+11-LTS-201) for windows-amd64 JRE (17.0.9+11-LTS-201), built on Oct 10 2023 23:16:06 by "mach5one" with MS VC++ 17.1 (VS2022)

END.
